0 info it worked if it ends with ok
1 verbose cli [ 'C:\\Program Files\\nodejs\\\\node.exe',
1 verbose cli   'C:\\Program Files\\nodejs\\node_modules\\npm\\bin\\npm-cli.js',
1 verbose cli   'install' ]
2 info using npm@1.4.28
3 info using node@v0.10.33
4 verbose node symlink C:\Program Files\nodejs\\node.exe
5 verbose readDependencies using package.json deps
6 verbose install where, deps [ 'C:\\Users\\borde_000\\Desktop\\stalkers\\client',
6 verbose install   [ 'express',
6 verbose install     'lockfile',
6 verbose install     'bower',
6 verbose install     'grunt',
6 verbose install     'grunt-cli',
6 verbose install     'load-grunt-config',
6 verbose install     'grunt-contrib-watch',
6 verbose install     'grunt-contrib-copy',
6 verbose install     'grunt-contrib-concat',
6 verbose install     'grunt-contrib-clean',
6 verbose install     'grunt-contrib-jshint',
6 verbose install     'grunt-contrib-uglify',
6 verbose install     'grunt-contrib-cssmin',
6 verbose install     'grunt-preprocess',
6 verbose install     'grunt-es6-module-transpiler',
6 verbose install     'grunt-concat-sourcemap',
6 verbose install     'grunt-concurrent',
6 verbose install     'grunt-usemin',
6 verbose install     'grunt-rev',
6 verbose install     'grunt-contrib-testem',
6 verbose install     'express-namespace',
6 verbose install     'request',
6 verbose install     'loom-generators-ember-appkit',
6 verbose install     'originate',
6 verbose install     'loom',
6 verbose install     'connect-livereload',
6 verbose install     'grunt-contrib-coffee',
6 verbose install     'grunt-emblem',
6 verbose install     'grunt-contrib-less',
6 verbose install     'grunt-contrib-compress',
6 verbose install     'grunt-ember-script',
6 verbose install     'grunt-shell',
6 verbose install     'grunt-phonegap-build' ] ]
7 info preinstall app-kit@0.0.0
8 warn package.json express-namespace@0.1.1 No repository field.
9 warn package.json loom-generators-ember-appkit@1.0.5 No repository field.
10 verbose readDependencies using package.json deps
11 verbose already installed skipping express@~3.4.8 C:\Users\borde_000\Desktop\stalkers\client
12 verbose already installed skipping lockfile@~0.4.2 C:\Users\borde_000\Desktop\stalkers\client
13 verbose already installed skipping bower@~1.2.7 C:\Users\borde_000\Desktop\stalkers\client
14 verbose already installed skipping grunt@~0.4.2 C:\Users\borde_000\Desktop\stalkers\client
15 verbose already installed skipping grunt-cli@~0.1.9 C:\Users\borde_000\Desktop\stalkers\client
16 verbose already installed skipping load-grunt-config@~0.7.0 C:\Users\borde_000\Desktop\stalkers\client
17 verbose already installed skipping grunt-contrib-watch@~0.5.3 C:\Users\borde_000\Desktop\stalkers\client
18 verbose already installed skipping grunt-contrib-copy@~0.4.1 C:\Users\borde_000\Desktop\stalkers\client
19 verbose already installed skipping grunt-contrib-concat@~0.3.0 C:\Users\borde_000\Desktop\stalkers\client
20 verbose already installed skipping grunt-contrib-clean@~0.5.0 C:\Users\borde_000\Desktop\stalkers\client
21 verbose already installed skipping grunt-contrib-jshint@~0.8.0 C:\Users\borde_000\Desktop\stalkers\client
22 verbose already installed skipping grunt-contrib-uglify@~0.2.7 C:\Users\borde_000\Desktop\stalkers\client
23 verbose already installed skipping grunt-contrib-cssmin@~0.6.2 C:\Users\borde_000\Desktop\stalkers\client
24 verbose already installed skipping grunt-preprocess@~3.0.1 C:\Users\borde_000\Desktop\stalkers\client
25 verbose already installed skipping grunt-es6-module-transpiler@~0.6.0 C:\Users\borde_000\Desktop\stalkers\client
26 verbose already installed skipping grunt-concat-sourcemap@~0.4.0 C:\Users\borde_000\Desktop\stalkers\client
27 verbose already installed skipping grunt-concurrent@~0.4.3 C:\Users\borde_000\Desktop\stalkers\client
28 verbose already installed skipping grunt-usemin@~0.1.13 C:\Users\borde_000\Desktop\stalkers\client
29 verbose already installed skipping grunt-rev@~0.1.0 C:\Users\borde_000\Desktop\stalkers\client
30 verbose already installed skipping grunt-contrib-testem@~0.5.14 C:\Users\borde_000\Desktop\stalkers\client
31 verbose already installed skipping express-namespace@~0.1.1 C:\Users\borde_000\Desktop\stalkers\client
32 verbose already installed skipping request@~2.33.0 C:\Users\borde_000\Desktop\stalkers\client
33 verbose already installed skipping loom-generators-ember-appkit@~1.0.2 C:\Users\borde_000\Desktop\stalkers\client
34 verbose already installed skipping originate@~0.1.5 C:\Users\borde_000\Desktop\stalkers\client
35 verbose already installed skipping loom@~3.1.2 C:\Users\borde_000\Desktop\stalkers\client
36 verbose already installed skipping connect-livereload@~0.3.1 C:\Users\borde_000\Desktop\stalkers\client
37 verbose already installed skipping grunt-contrib-coffee@~0.10.0 C:\Users\borde_000\Desktop\stalkers\client
38 verbose already installed skipping grunt-emblem@~0.1.0 C:\Users\borde_000\Desktop\stalkers\client
39 verbose already installed skipping grunt-contrib-less@~0.9.0 C:\Users\borde_000\Desktop\stalkers\client
40 verbose already installed skipping grunt-contrib-compress@~0.8.0 C:\Users\borde_000\Desktop\stalkers\client
41 verbose already installed skipping grunt-ember-script@0.0.3 C:\Users\borde_000\Desktop\stalkers\client
42 verbose already installed skipping grunt-shell@~0.6.4 C:\Users\borde_000\Desktop\stalkers\client
43 verbose already installed skipping grunt-phonegap-build@0.0.8 C:\Users\borde_000\Desktop\stalkers\client
44 silly resolved []
45 info build C:\Users\borde_000\Desktop\stalkers\client
46 verbose linkStuff [ false, false, false, 'C:\\Users\\borde_000\\Desktop\\stalkers' ]
47 info linkStuff app-kit@0.0.0
48 verbose linkBins app-kit@0.0.0
49 verbose linkMans app-kit@0.0.0
50 verbose rebuildBundles app-kit@0.0.0
51 verbose rebuildBundles [ '.bin',
51 verbose rebuildBundles   'bower',
51 verbose rebuildBundles   'connect-livereload',
51 verbose rebuildBundles   'express',
51 verbose rebuildBundles   'express-namespace',
51 verbose rebuildBundles   'grunt',
51 verbose rebuildBundles   'grunt-cli',
51 verbose rebuildBundles   'grunt-concat-sourcemap',
51 verbose rebuildBundles   'grunt-concurrent',
51 verbose rebuildBundles   'grunt-contrib-clean',
51 verbose rebuildBundles   'grunt-contrib-coffee',
51 verbose rebuildBundles   'grunt-contrib-compress',
51 verbose rebuildBundles   'grunt-contrib-concat',
51 verbose rebuildBundles   'grunt-contrib-copy',
51 verbose rebuildBundles   'grunt-contrib-cssmin',
51 verbose rebuildBundles   'grunt-contrib-jshint',
51 verbose rebuildBundles   'grunt-contrib-less',
51 verbose rebuildBundles   'grunt-contrib-testem',
51 verbose rebuildBundles   'grunt-contrib-uglify',
51 verbose rebuildBundles   'grunt-contrib-watch',
51 verbose rebuildBundles   'grunt-ember-script',
51 verbose rebuildBundles   'grunt-emblem',
51 verbose rebuildBundles   'grunt-es6-module-transpiler',
51 verbose rebuildBundles   'grunt-phonegap-build',
51 verbose rebuildBundles   'grunt-preprocess',
51 verbose rebuildBundles   'grunt-rev',
51 verbose rebuildBundles   'grunt-shell',
51 verbose rebuildBundles   'grunt-usemin',
51 verbose rebuildBundles   'load-grunt-config',
51 verbose rebuildBundles   'lockfile',
51 verbose rebuildBundles   'loom',
51 verbose rebuildBundles   'loom-generators-ember-appkit',
51 verbose rebuildBundles   'originate',
51 verbose rebuildBundles   'request' ]
52 info install app-kit@0.0.0
53 info postinstall app-kit@0.0.0
54 verbose unsafe-perm in lifecycle true
55 info app-kit@0.0.0 Failed to exec postinstall script
56 error app-kit@0.0.0 postinstall: `bower install`
56 error Exit status 1
57 error Failed at the app-kit@0.0.0 postinstall script.
57 error This is most likely a problem with the app-kit package,
57 error not with npm itself.
57 error Tell the author that this fails on your system:
57 error     bower install
57 error You can get their info via:
57 error     npm owner ls app-kit
57 error There is likely additional logging output above.
58 error System Windows_NT 6.2.9200
59 error command "C:\\Program Files\\nodejs\\\\node.exe" "C:\\Program Files\\nodejs\\node_modules\\npm\\bin\\npm-cli.js" "install"
60 error cwd C:\Users\borde_000\Desktop\stalkers\client
61 error node -v v0.10.33
62 error npm -v 1.4.28
63 error code ELIFECYCLE
64 verbose exit [ 1, true ]
